
-----
Test: tests/test_authorizations.py::test_wrong_login (call)
Start time: 2023-09-16 19:19:43.348415
Start name method: authorization_wrong_login

End time: 2023-09-16 19:19:51.525492
End name method: authorization_wrong_login
URL: https://bravo31.ru/

-----

-----
Test: tests/test_authorizations.py::test_wrong_password (call)
Start time: 2023-09-16 19:19:55.686504
Start name method: authorization_wrong_password

End time: 2023-09-16 19:20:03.145741
End name method: authorization_wrong_password
URL: https://bravo31.ru/

-----

-----
Test: tests/test_authorizations.py::test_correct_authorization_data (call)
Start time: 2023-09-16 19:20:08.332774
Start name method: authorization

End time: 2023-09-16 19:20:17.456162
End name method: authorization
URL: https://bravo31.ru/

-----

-----
Test: tests/test_full_path_product.py::test_full_path (call)
Start time: 2023-09-16 19:20:21.533679
Start name method: authorization

End time: 2023-09-16 19:20:32.319915
End name method: authorization
URL: https://bravo31.ru/

-----

-----
Test: tests/test_full_path_product.py::test_full_path (call)
Start time: 2023-09-16 19:20:34.302380
Start name method: go_to_page_for_men

End time: 2023-09-16 19:20:36.360067
End name method: go_to_page_for_men
URL: https://bravo31.ru/catalog/_parfyumeriya/dlya_muzhchin_2/

-----

-----
Test: tests/test_full_path_product.py::test_full_path (call)
Start time: 2023-09-16 19:20:36.360874
Start name method: sort_price_and_choose_product

End time: 2023-09-16 19:20:44.968433
End name method: sort_price_and_choose_product
URL: https://bravo31.ru/catalog/_parfyumeriya/dlya_muzhchin_2/53197/

-----

-----
Test: tests/test_full_path_product.py::test_full_path (call)
Start time: 2023-09-16 19:20:44.969001
Start name method: add_product_to_cart

End time: 2023-09-16 19:20:47.554894
End name method: add_product_to_cart
URL: https://bravo31.ru/basket/

-----

-----
Test: tests/test_full_path_product.py::test_full_path (call)
Start time: 2023-09-16 19:20:47.555414
Start name method: place_order

End time: 2023-09-16 19:20:51.109178
End name method: place_order
URL: https://bravo31.ru/order/

-----

-----
Test: tests/test_full_path_product.py::test_full_path (call)
Start time: 2023-09-16 19:20:51.110771
Start name method: place_and_remove_order

End time: 2023-09-16 19:20:59.441466
End name method: place_and_remove_order
URL: https://bravo31.ru/basket/

-----
